<?xml version="1.0" encoding="UTF-8"?>
<!-- Generated by org.testng.reporters.JUnitReportReporter -->
<testsuite hostname="Tarun-Laptop" failures="0" tests="4" name="assessment.testcases.TestCases" time="21.964" errors="0" timestamp="2024-03-28T16:25:10 IST" skipped="0">
  <testcase classname="assessment.testcases.TestCases" name="checkIfTitleDisplayed" time="2.902"/>
  <testcase classname="assessment.testcases.TestCases" name="checkPurchaseTicket" time="6.633"/>
  <testcase classname="assessment.testcases.TestCases" name="checkNewTabWithVacationURL" time="6.227"/>
  <testcase classname="assessment.testcases.TestCases" name="checkPurchaseTicket" time="6.202"/>
</testsuite> <!-- assessment.testcases.TestCases -->
